Running Uninstall phase of non-transacted install
Uninstalling assembly 'C:\Program Files\Cisco\Process Orchestrator\Tidal.Automation.Server.exe'.
Affected parameters are:
   assemblypath = C:\Program Files\Cisco\Process Orchestrator\Tidal.Automation.Server.exe
   action = uninstall
   showcallstack = 
   logtoconsole = false
   control = true
   installtype = notransaction
   logfile = C:\Users\ROLIVE~1\AppData\Local\Temp\2\MSI_OrchestratorCustomAction.log
Removing performance counter category Cisco Process Orchestrator Data Access Layer Operations.
Removing performance counter category Cisco Process Orchestrator Adapters.
Removing performance counter category Cisco Process Orchestrator Persistent Queue.
Removing performance counter category Cisco Process Orchestrator.
Stopping the service
Service was successfully stopped
Running Uninstall phase of non-transacted install
Uninstalling assembly 'C:\Program Files\Cisco\Process Orchestrator\Tidal.Automation.Engine.Core.dll'.
Affected parameters are:
   assemblypath = C:\Program Files\Cisco\Process Orchestrator\Tidal.Automation.Engine.Core.dll
   action = uninstall
   showcallstack = 
   logtoconsole = false
   control = true
   installtype = notransaction
   logfile = C:\Users\ROLIVE~1\AppData\Local\Temp\2\MSI_OrchestratorCustomAction.log
Running Uninstall phase of non-transacted install
Uninstalling assembly 'C:\Program Files\Cisco\Process Orchestrator\Tidal.Automation.DataAccessLayer.dll'.
Affected parameters are:
   assemblypath = C:\Program Files\Cisco\Process Orchestrator\Tidal.Automation.DataAccessLayer.dll
   action = uninstall
   showcallstack = 
   logtoconsole = false
   control = true
   installtype = notransaction
   logfile = C:\Users\ROLIVE~1\AppData\Local\Temp\2\MSI_OrchestratorCustomAction.log
Deleting Cisco Process Orchestrator System Audit event log
Deleting Cisco Process Orchestrator Tasks event log
Running Uninstall phase of non-transacted install
Uninstalling assembly 'C:\Program Files\Cisco\Process Orchestrator\Tidal.Automation.CLI.CorePSSnapin.dll'.
Affected parameters are:
   assemblypath = C:\Program Files\Cisco\Process Orchestrator\Tidal.Automation.CLI.CorePSSnapin.dll
   action = uninstall
   showcallstack = 
   logtoconsole = false
   control = true
   installtype = notransaction
   logfile = C:\Users\ROLIVE~1\AppData\Local\Temp\2\MSI_OrchestratorCustomAction.log
Running Uninstall phase of non-transacted install
Uninstalling assembly 'C:\Program Files\Cisco\Process Orchestrator\Tidal.Automation.CLI.CorePSSnapin.dll'.
Affected parameters are:
   showcallstack = 
   action = uninstall
   logfile = C:\Users\ROLIVE~1\AppData\Local\Temp\2\MSI_OrchestratorCustomAction.log
   assemblypath = C:\Program Files\Cisco\Process Orchestrator\Tidal.Automation.CLI.CorePSSnapin.dll
   installtype = notransaction
   logtoconsole = false
   control = true
